<testsuites id="" name="" tests="4" failures="4" skipped="0" errors="0" time="17.608826">
<testsuite name="screenshot-demo.spec.ts" timestamp="2025-06-14T13:46:45.864Z" hostname="chromium" tests="4" failures="4" skipped="0" time="47.571" errors="0">
<testcase name="E2E Screenshot Demo › complete user journey with screenshots" classname="screenshot-demo.spec.ts" time="12.372">
<failure message="screenshot-demo.spec.ts:55:7 complete user journey with screenshots" type="FAILURE">
<![CDATA[  [chromium] › screenshot-demo.spec.ts:55:7 › E2E Screenshot Demo › complete user journey with screenshots 

    TimeoutError: locator.fill: Timeout 10000ms exceeded.
    Call log:
      - waiting for getByTestId('email-input')


       at ../pages/LoginPage.ts:35

      33 |
      34 |   async login(email: string, password: string) {
    > 35 |     await this.emailInput.fill(email);
         |                           ^
      36 |     await this.passwordInput.fill(password);
      37 |     await this.loginButton.click();
      38 |   }
        at LoginPage.login (/Users/hi/src/hexabase-ai/ui/e2e/pages/LoginPage.ts:35:27)
        at /Users/hi/src/hexabase-ai/ui/e2e/tests/screenshot-demo.spec.ts:60:21

    attachment #1: screenshot (image/png) ──────────────────────────────────────────────────────────
    test-results/screenshot-demo-E2E-Screen-eb1b8-er-journey-with-screenshots-chromium/test-failed-1.png
    ────────────────────────────────────────────────────────────────────────────────────────────────

    attachment #2: video (video/webm) ──────────────────────────────────────────────────────────────
    test-results/screenshot-demo-E2E-Screen-eb1b8-er-journey-with-screenshots-chromium/video.webm
    ────────────────────────────────────────────────────────────────────────────────────────────────

    Error Context: ../../test-results/screenshot-demo-E2E-Screen-eb1b8-er-journey-with-screenshots-chromium/error-context.md
]]>
</failure>
<system-out>
<![CDATA[📸 Screenshot saved: /Users/hi/src/hexabase-ai/ui/screenshots/e2e_result_2025-06-14T13-46-46/auth/01_login_page.png

📸 Screenshot Summary
====================
All E2E test screenshots have been saved to:
/Users/hi/src/hexabase-ai/ui/screenshots/e2e_result_2025-06-14T13-46-46

Directory structure:
- /auth          - Login and authentication flows
- /dashboard     - Dashboard and navigation
- /organization  - Organization management
- /workspace     - Workspace operations
- /projects      - Project creation and management
- /applications  - Application deployment and scaling
- /deployments   - Deployment strategies
- /cicd          - CI/CD pipeline configuration
- /serverless    - Serverless function creation
- /backup        - Backup and restore features
- /success       - Final success states

Total screenshots captured: Check the directory for all images.


[[ATTACHMENT|screenshot-demo-E2E-Screen-eb1b8-er-journey-with-screenshots-chromium/test-failed-1.png]]

[[ATTACHMENT|screenshot-demo-E2E-Screen-eb1b8-er-journey-with-screenshots-chromium/video.webm]]

[[ATTACHMENT|screenshot-demo-E2E-Screen-eb1b8-er-journey-with-screenshots-chromium/error-context.md]]
]]>
</system-out>
</testcase>
<testcase name="E2E Screenshot Demo › CI/CD pipeline configuration with screenshots" classname="screenshot-demo.spec.ts" time="11.925">
<failure message="screenshot-demo.spec.ts:165:7 CI/CD pipeline configuration with screenshots" type="FAILURE">
<![CDATA[  [chromium] › screenshot-demo.spec.ts:165:7 › E2E Screenshot Demo › CI/CD pipeline configuration with screenshots 

    TimeoutError: locator.fill: Timeout 10000ms exceeded.
    Call log:
      - waiting for getByTestId('email-input')


       at ../pages/LoginPage.ts:35

      33 |
      34 |   async login(email: string, password: string) {
    > 35 |     await this.emailInput.fill(email);
         |                           ^
      36 |     await this.passwordInput.fill(password);
      37 |     await this.loginButton.click();
      38 |   }
        at LoginPage.login (/Users/hi/src/hexabase-ai/ui/e2e/pages/LoginPage.ts:35:27)
        at /Users/hi/src/hexabase-ai/ui/e2e/tests/screenshot-demo.spec.ts:168:21

    attachment #1: screenshot (image/png) ──────────────────────────────────────────────────────────
    test-results/screenshot-demo-E2E-Screen-4614a-figuration-with-screenshots-chromium/test-failed-1.png
    ────────────────────────────────────────────────────────────────────────────────────────────────

    attachment #2: video (video/webm) ──────────────────────────────────────────────────────────────
    test-results/screenshot-demo-E2E-Screen-4614a-figuration-with-screenshots-chromium/video.webm
    ────────────────────────────────────────────────────────────────────────────────────────────────

    Error Context: ../../test-results/screenshot-demo-E2E-Screen-4614a-figuration-with-screenshots-chromium/error-context.md
]]>
</failure>
<system-out>
<![CDATA[
📸 Screenshot Summary
====================
All E2E test screenshots have been saved to:
/Users/hi/src/hexabase-ai/ui/screenshots/e2e_result_2025-06-14T13-46-46

Directory structure:
- /auth          - Login and authentication flows
- /dashboard     - Dashboard and navigation
- /organization  - Organization management
- /workspace     - Workspace operations
- /projects      - Project creation and management
- /applications  - Application deployment and scaling
- /deployments   - Deployment strategies
- /cicd          - CI/CD pipeline configuration
- /serverless    - Serverless function creation
- /backup        - Backup and restore features
- /success       - Final success states

Total screenshots captured: Check the directory for all images.


[[ATTACHMENT|screenshot-demo-E2E-Screen-4614a-figuration-with-screenshots-chromium/test-failed-1.png]]

[[ATTACHMENT|screenshot-demo-E2E-Screen-4614a-figuration-with-screenshots-chromium/video.webm]]

[[ATTACHMENT|screenshot-demo-E2E-Screen-4614a-figuration-with-screenshots-chromium/error-context.md]]
]]>
</system-out>
</testcase>
<testcase name="E2E Screenshot Demo › serverless function creation with screenshots" classname="screenshot-demo.spec.ts" time="11.682">
<failure message="screenshot-demo.spec.ts:199:7 serverless function creation with screenshots" type="FAILURE">
<![CDATA[  [chromium] › screenshot-demo.spec.ts:199:7 › E2E Screenshot Demo › serverless function creation with screenshots 

    TimeoutError: locator.fill: Timeout 10000ms exceeded.
    Call log:
      - waiting for getByTestId('email-input')


       at ../pages/LoginPage.ts:35

      33 |
      34 |   async login(email: string, password: string) {
    > 35 |     await this.emailInput.fill(email);
         |                           ^
      36 |     await this.passwordInput.fill(password);
      37 |     await this.loginButton.click();
      38 |   }
        at LoginPage.login (/Users/hi/src/hexabase-ai/ui/e2e/pages/LoginPage.ts:35:27)
        at /Users/hi/src/hexabase-ai/ui/e2e/tests/screenshot-demo.spec.ts:202:21

    attachment #1: screenshot (image/png) ──────────────────────────────────────────────────────────
    test-results/screenshot-demo-E2E-Screen-0e3d1-n-creation-with-screenshots-chromium/test-failed-1.png
    ────────────────────────────────────────────────────────────────────────────────────────────────

    attachment #2: video (video/webm) ──────────────────────────────────────────────────────────────
    test-results/screenshot-demo-E2E-Screen-0e3d1-n-creation-with-screenshots-chromium/video.webm
    ────────────────────────────────────────────────────────────────────────────────────────────────

    Error Context: ../../test-results/screenshot-demo-E2E-Screen-0e3d1-n-creation-with-screenshots-chromium/error-context.md
]]>
</failure>
<system-out>
<![CDATA[
📸 Screenshot Summary
====================
All E2E test screenshots have been saved to:
/Users/hi/src/hexabase-ai/ui/screenshots/e2e_result_2025-06-14T13-46-46

Directory structure:
- /auth          - Login and authentication flows
- /dashboard     - Dashboard and navigation
- /organization  - Organization management
- /workspace     - Workspace operations
- /projects      - Project creation and management
- /applications  - Application deployment and scaling
- /deployments   - Deployment strategies
- /cicd          - CI/CD pipeline configuration
- /serverless    - Serverless function creation
- /backup        - Backup and restore features
- /success       - Final success states

Total screenshots captured: Check the directory for all images.


[[ATTACHMENT|screenshot-demo-E2E-Screen-0e3d1-n-creation-with-screenshots-chromium/test-failed-1.png]]

[[ATTACHMENT|screenshot-demo-E2E-Screen-0e3d1-n-creation-with-screenshots-chromium/video.webm]]

[[ATTACHMENT|screenshot-demo-E2E-Screen-0e3d1-n-creation-with-screenshots-chromium/error-context.md]]
]]>
</system-out>
</testcase>
<testcase name="E2E Screenshot Demo › backup configuration for dedicated workspace" classname="screenshot-demo.spec.ts" time="11.592">
<failure message="screenshot-demo.spec.ts:237:7 backup configuration for dedicated workspace" type="FAILURE">
<![CDATA[  [chromium] › screenshot-demo.spec.ts:237:7 › E2E Screenshot Demo › backup configuration for dedicated workspace 

    TimeoutError: locator.fill: Timeout 10000ms exceeded.
    Call log:
      - waiting for getByTestId('email-input')


       at ../pages/LoginPage.ts:35

      33 |
      34 |   async login(email: string, password: string) {
    > 35 |     await this.emailInput.fill(email);
         |                           ^
      36 |     await this.passwordInput.fill(password);
      37 |     await this.loginButton.click();
      38 |   }
        at LoginPage.login (/Users/hi/src/hexabase-ai/ui/e2e/pages/LoginPage.ts:35:27)
        at /Users/hi/src/hexabase-ai/ui/e2e/tests/screenshot-demo.spec.ts:240:21

    attachment #1: screenshot (image/png) ──────────────────────────────────────────────────────────
    test-results/screenshot-demo-E2E-Screen-a26dc-ion-for-dedicated-workspace-chromium/test-failed-1.png
    ────────────────────────────────────────────────────────────────────────────────────────────────

    attachment #2: video (video/webm) ──────────────────────────────────────────────────────────────
    test-results/screenshot-demo-E2E-Screen-a26dc-ion-for-dedicated-workspace-chromium/video.webm
    ────────────────────────────────────────────────────────────────────────────────────────────────

    Error Context: ../../test-results/screenshot-demo-E2E-Screen-a26dc-ion-for-dedicated-workspace-chromium/error-context.md
]]>
</failure>
<system-out>
<![CDATA[
📸 Screenshot Summary
====================
All E2E test screenshots have been saved to:
/Users/hi/src/hexabase-ai/ui/screenshots/e2e_result_2025-06-14T13-46-46

Directory structure:
- /auth          - Login and authentication flows
- /dashboard     - Dashboard and navigation
- /organization  - Organization management
- /workspace     - Workspace operations
- /projects      - Project creation and management
- /applications  - Application deployment and scaling
- /deployments   - Deployment strategies
- /cicd          - CI/CD pipeline configuration
- /serverless    - Serverless function creation
- /backup        - Backup and restore features
- /success       - Final success states

Total screenshots captured: Check the directory for all images.


[[ATTACHMENT|screenshot-demo-E2E-Screen-a26dc-ion-for-dedicated-workspace-chromium/test-failed-1.png]]

[[ATTACHMENT|screenshot-demo-E2E-Screen-a26dc-ion-for-dedicated-workspace-chromium/video.webm]]

[[ATTACHMENT|screenshot-demo-E2E-Screen-a26dc-ion-for-dedicated-workspace-chromium/error-context.md]]
]]>
</system-out>
</testcase>
</testsuite>
</testsuites>